
C:\Users\bogda\source\repos\CONSOLE-OXDAN-DRAGON-C++\x64\Release\opencv_highgui4.dll
C:\Users\bogda\source\repos\CONSOLE-OXDAN-DRAGON-C++\x64\Release\opencv_videoio4.dll
C:\Users\bogda\source\repos\CONSOLE-OXDAN-DRAGON-C++\x64\Release\opencv_imgcodecs4.dll
C:\Users\bogda\source\repos\CONSOLE-OXDAN-DRAGON-C++\x64\Release\opencv_imgproc4.dll
C:\Users\bogda\source\repos\CONSOLE-OXDAN-DRAGON-C++\x64\Release\opencv_core4.dll
C:\Users\bogda\source\repos\CONSOLE-OXDAN-DRAGON-C++\x64\Release\zlib1.dll
C:\Users\bogda\source\repos\CONSOLE-OXDAN-DRAGON-C++\x64\Release\jpeg62.dll
C:\Users\bogda\source\repos\CONSOLE-OXDAN-DRAGON-C++\x64\Release\webpdecoder.dll
C:\Users\bogda\source\repos\CONSOLE-OXDAN-DRAGON-C++\x64\Release\webp.dll
C:\Users\bogda\source\repos\CONSOLE-OXDAN-DRAGON-C++\x64\Release\libpng16.dll
C:\Users\bogda\source\repos\CONSOLE-OXDAN-DRAGON-C++\x64\Release\tiff.dll
C:\Users\bogda\source\repos\CONSOLE-OXDAN-DRAGON-C++\x64\Release\liblzma.dll
C:\Users\bogda\source\repos\CONSOLE-OXDAN-DRAGON-C++\x64\Release\tinyxml2.dll
C:\Users\bogda\source\repos\CONSOLE-OXDAN-DRAGON-C++\x64\Release\sfml-audio-2.dll
C:\Users\bogda\source\repos\CONSOLE-OXDAN-DRAGON-C++\x64\Release\sfml-system-2.dll
C:\Users\bogda\source\repos\CONSOLE-OXDAN-DRAGON-C++\x64\Release\OpenAL32.dll
C:\Users\bogda\source\repos\CONSOLE-OXDAN-DRAGON-C++\x64\Release\vorbisenc.dll
C:\Users\bogda\source\repos\CONSOLE-OXDAN-DRAGON-C++\x64\Release\vorbis.dll
C:\Users\bogda\source\repos\CONSOLE-OXDAN-DRAGON-C++\x64\Release\ogg.dll
C:\Users\bogda\source\repos\CONSOLE-OXDAN-DRAGON-C++\x64\Release\vorbisfile.dll
C:\Users\bogda\source\repos\CONSOLE-OXDAN-DRAGON-C++\x64\Release\FLAC.dll
C:\Users\bogda\source\repos\CONSOLE-OXDAN-DRAGON-C++\x64\Release\freeglut.dll
C:\Users\bogda\source\repos\CONSOLE-OXDAN-DRAGON-C++\x64\Release\raylib.dll
C:\Users\bogda\source\repos\CONSOLE-OXDAN-DRAGON-C++\x64\Release\portaudio.dll
C:\Users\bogda\source\repos\CONSOLE-OXDAN-DRAGON-C++\x64\Release\SDL2_image.dll
C:\Users\bogda\source\repos\CONSOLE-OXDAN-DRAGON-C++\x64\Release\SDL2.dll
C:\Users\bogda\source\repos\CONSOLE-OXDAN-DRAGON-C++\x64\Release\sfml-graphics-2.dll
C:\Users\bogda\source\repos\CONSOLE-OXDAN-DRAGON-C++\x64\Release\sfml-window-2.dll
C:\Users\bogda\source\repos\CONSOLE-OXDAN-DRAGON-C++\x64\Release\freetype.dll
C:\Users\bogda\source\repos\CONSOLE-OXDAN-DRAGON-C++\x64\Release\bz2.dll
C:\Users\bogda\source\repos\CONSOLE-OXDAN-DRAGON-C++\x64\Release\brotlidec.dll
C:\Users\bogda\source\repos\CONSOLE-OXDAN-DRAGON-C++\x64\Release\brotlicommon.dll
C:\Users\bogda\source\repos\CONSOLE-OXDAN-DRAGON-C++\x64\Release\libcurl.dll
