c:\users\bogda\downloads\(+)my_goods\(+)oxdan_praduction\oxdan-dragon-c\console-oxdan-dragon-c\x64\debug\vc143.pdb
c:\users\bogda\downloads\(+)my_goods\(+)oxdan_praduction\oxdan-dragon-c\console-oxdan-dragon-c\x64\debug\vc143.idb
c:\users\bogda\downloads\(+)my_goods\(+)oxdan_praduction\oxdan-dragon-c\console-oxdan-dragon-c\x64\debug\commands.obj
c:\users\bogda\downloads\(+)my_goods\(+)oxdan_praduction\oxdan-dragon-c\console-oxdan-dragon-c\x64\debug\color_start.obj
c:\users\bogda\downloads\(+)my_goods\(+)oxdan_praduction\oxdan-dragon-c\console-oxdan-dragon-c\x64\debug\color_back_start.obj
c:\users\bogda\downloads\(+)my_goods\(+)oxdan_praduction\oxdan-dragon-c\console-oxdan-dragon-c\x64\debug\chess_ai_start.obj
c:\users\bogda\downloads\(+)my_goods\(+)oxdan_praduction\oxdan-dragon-c\console-oxdan-dragon-c\x64\debug\chess_2_start.obj
c:\users\bogda\downloads\(+)my_goods\(+)oxdan_praduction\oxdan-dragon-c\console-oxdan-dragon-c\x64\debug\check_start_start.obj
c:\users\bogda\downloads\(+)my_goods\(+)oxdan_praduction\oxdan-dragon-c\console-oxdan-dragon-c\x64\debug\checkers_ai_start_checkers.obj
c:\users\bogda\downloads\(+)my_goods\(+)oxdan_praduction\oxdan-dragon-c\console-oxdan-dragon-c\x64\debug\checkers_2_start.obj
c:\users\bogda\downloads\(+)my_goods\(+)oxdan_praduction\oxdan-dragon-c\console-oxdan-dragon-c\x64\debug\car_racing_start.obj
c:\users\bogda\downloads\(+)my_goods\(+)oxdan_praduction\oxdan-dragon-c\console-oxdan-dragon-c\x64\debug\calendar_start.obj
c:\users\bogda\downloads\(+)my_goods\(+)oxdan_praduction\oxdan-dragon-c\console-oxdan-dragon-c\x64\debug\calculator_start.obj
c:\users\bogda\downloads\(+)my_goods\(+)oxdan_praduction\oxdan-dragon-c\console-oxdan-dragon-c\x64\debug\battle_city_start_battle_city.obj
c:\users\bogda\downloads\(+)my_goods\(+)oxdan_praduction\oxdan-dragon-c\console-oxdan-dragon-c\x64\debug\auto_clicker_start.obj
c:\users\bogda\downloads\(+)my_goods\(+)oxdan_praduction\oxdan-dragon-c\console-oxdan-dragon-c\x64\debug\author_start.obj
c:\users\bogda\downloads\(+)my_goods\(+)oxdan_praduction\oxdan-dragon-c\console-oxdan-dragon-c\x64\debug\ascii_code_start.obj
c:\users\bogda\downloads\(+)my_goods\(+)oxdan_praduction\oxdan-dragon-c\console-oxdan-dragon-c\x64\debug\arkanoid_start.obj
c:\users\bogda\downloads\(+)my_goods\(+)oxdan_praduction\oxdan-dragon-c\console-oxdan-dragon-c\x64\debug\arkanoid_resource.obj
c:\users\bogda\downloads\(+)my_goods\(+)oxdan_praduction\oxdan-dragon-c\console-oxdan-dragon-c\x64\debug\arkanoid_ball.obj
c:\users\bogda\downloads\(+)my_goods\(+)oxdan_praduction\oxdan-dragon-c\console-oxdan-dragon-c\x64\debug\accounts.obj
c:\users\bogda\downloads\(+)my_goods\(+)oxdan_praduction\oxdan-dragon-c\console-oxdan-dragon-c\x64\debug\console-oxdan-dragon-c++.obj
c:\users\bogda\downloads\(+)my_goods\(+)oxdan_praduction\oxdan-dragon-c\console-oxdan-dragon-c\x64\debug\helpers_start.obj
c:\users\bogda\downloads\(+)my_goods\(+)oxdan_praduction\oxdan-dragon-c\console-oxdan-dragon-c\x64\debug\hangman_start.obj
c:\users\bogda\downloads\(+)my_goods\(+)oxdan_praduction\oxdan-dragon-c\console-oxdan-dragon-c\x64\debug\hacker_stuffs.obj
c:\users\bogda\downloads\(+)my_goods\(+)oxdan_praduction\oxdan-dragon-c\console-oxdan-dragon-c\x64\debug\guess_number_start.obj
c:\users\bogda\downloads\(+)my_goods\(+)oxdan_praduction\oxdan-dragon-c\console-oxdan-dragon-c\x64\debug\gotoxy.obj
c:\users\bogda\downloads\(+)my_goods\(+)oxdan_praduction\oxdan-dragon-c\console-oxdan-dragon-c\x64\debug\gdi_virus_start.obj
c:\users\bogda\downloads\(+)my_goods\(+)oxdan_praduction\oxdan-dragon-c\console-oxdan-dragon-c\x64\debug\game_tetris.obj
c:\users\bogda\downloads\(+)my_goods\(+)oxdan_praduction\oxdan-dragon-c\console-oxdan-dragon-c\x64\debug\games.obj
c:\users\bogda\downloads\(+)my_goods\(+)oxdan_praduction\oxdan-dragon-c\console-oxdan-dragon-c\x64\debug\flappy_bird_start.obj
c:\users\bogda\downloads\(+)my_goods\(+)oxdan_praduction\oxdan-dragon-c\console-oxdan-dragon-c\x64\debug\firsts_tart.obj
c:\users\bogda\downloads\(+)my_goods\(+)oxdan_praduction\oxdan-dragon-c\console-oxdan-dragon-c\x64\debug\energy_start.obj
c:\users\bogda\downloads\(+)my_goods\(+)oxdan_praduction\oxdan-dragon-c\console-oxdan-dragon-c\x64\debug\elses.obj
c:\users\bogda\downloads\(+)my_goods\(+)oxdan_praduction\oxdan-dragon-c\console-oxdan-dragon-c\x64\debug\donators_start.obj
c:\users\bogda\downloads\(+)my_goods\(+)oxdan_praduction\oxdan-dragon-c\console-oxdan-dragon-c\x64\debug\dictaphone_start.obj
c:\users\bogda\downloads\(+)my_goods\(+)oxdan_praduction\oxdan-dragon-c\console-oxdan-dragon-c\x64\debug\del_account_start.obj
c:\users\bogda\downloads\(+)my_goods\(+)oxdan_praduction\oxdan-dragon-c\console-oxdan-dragon-c\x64\debug\cur_conv_start.obj
c:\users\bogda\downloads\(+)my_goods\(+)oxdan_praduction\oxdan-dragon-c\console-oxdan-dragon-c\x64\debug\cuaser_cipher_start.obj
c:\users\bogda\downloads\(+)my_goods\(+)oxdan_praduction\oxdan-dragon-c\console-oxdan-dragon-c\x64\debug\cor_desk_start.obj
c:\users\bogda\downloads\(+)my_goods\(+)oxdan_praduction\oxdan-dragon-c\console-oxdan-dragon-c\x64\debug\con_wifi_start.obj
c:\users\bogda\downloads\(+)my_goods\(+)oxdan_praduction\oxdan-dragon-c\console-oxdan-dragon-c\x64\debug\commands_start.obj
c:\users\bogda\downloads\(+)my_goods\(+)oxdan_praduction\oxdan-dragon-c\console-oxdan-dragon-c\x64\debug\gamestate_checkers.obj
c:\users\bogda\downloads\(+)my_goods\(+)oxdan_praduction\oxdan-dragon-c\console-oxdan-dragon-c\x64\debug\gameoverstate_checkers.obj
c:\users\bogda\downloads\(+)my_goods\(+)oxdan_praduction\oxdan-dragon-c\console-oxdan-dragon-c\x64\debug\checkersboard_checkers.obj
c:\users\bogda\downloads\(+)my_goods\(+)oxdan_praduction\oxdan-dragon-c\console-oxdan-dragon-c\x64\debug\button_checkers.obj
c:\users\bogda\downloads\(+)my_goods\(+)oxdan_praduction\oxdan-dragon-c\console-oxdan-dragon-c\x64\debug\application_checkers.obj
c:\users\bogda\downloads\(+)my_goods\(+)oxdan_praduction\oxdan-dragon-c\console-oxdan-dragon-c\x64\debug\applicationstate_checkers.obj
c:\users\bogda\downloads\(+)my_goods\(+)oxdan_praduction\oxdan-dragon-c\console-oxdan-dragon-c\x64\debug\applicationstatemanager_checkers.obj
c:\users\bogda\downloads\(+)my_goods\(+)oxdan_praduction\oxdan-dragon-c\console-oxdan-dragon-c\x64\debug\ai_checkers.obj
c:\users\bogda\downloads\(+)my_goods\(+)oxdan_praduction\oxdan-dragon-c\console-oxdan-dragon-c\x64\debug\square.obj
c:\users\bogda\downloads\(+)my_goods\(+)oxdan_praduction\oxdan-dragon-c\console-oxdan-dragon-c\x64\debug\highlight.obj
c:\users\bogda\downloads\(+)my_goods\(+)oxdan_praduction\oxdan-dragon-c\console-oxdan-dragon-c\x64\debug\checker.obj
c:\users\bogda\downloads\(+)my_goods\(+)oxdan_praduction\oxdan-dragon-c\console-oxdan-dragon-c\x64\debug\tank_battle_city.obj
c:\users\bogda\downloads\(+)my_goods\(+)oxdan_praduction\oxdan-dragon-c\console-oxdan-dragon-c\x64\debug\player_battle_city.obj
c:\users\bogda\downloads\(+)my_goods\(+)oxdan_praduction\oxdan-dragon-c\console-oxdan-dragon-c\x64\debug\message_battle_city.obj
c:\users\bogda\downloads\(+)my_goods\(+)oxdan_praduction\oxdan-dragon-c\console-oxdan-dragon-c\x64\debug\map_battle_city.obj
c:\users\bogda\downloads\(+)my_goods\(+)oxdan_praduction\oxdan-dragon-c\console-oxdan-dragon-c\x64\debug\enemy_battle_city.obj
c:\users\bogda\downloads\(+)my_goods\(+)oxdan_praduction\oxdan-dragon-c\console-oxdan-dragon-c\x64\debug\bullet_battle_city.obj
c:\users\bogda\downloads\(+)my_goods\(+)oxdan_praduction\oxdan-dragon-c\console-oxdan-dragon-c\x64\debug\base_battle_city.obj
c:\users\bogda\downloads\(+)my_goods\(+)oxdan_praduction\oxdan-dragon-c\console-oxdan-dragon-c\x64\debug\application_battle_city.obj
c:\users\bogda\downloads\(+)my_goods\(+)oxdan_praduction\oxdan-dragon-c\console-oxdan-dragon-c\x64\debug\hidecursor.obj
c:\users\bogda\downloads\(+)my_goods\(+)oxdan_praduction\oxdan-dragon-c\console-oxdan-dragon-c\x64\debug\search_chess_ai.obj
c:\users\bogda\downloads\(+)my_goods\(+)oxdan_praduction\oxdan-dragon-c\console-oxdan-dragon-c\x64\debug\piece_chess_chess_ai.obj
c:\users\bogda\downloads\(+)my_goods\(+)oxdan_praduction\oxdan-dragon-c\console-oxdan-dragon-c\x64\debug\gui_chess_ai.obj
c:\users\bogda\downloads\(+)my_goods\(+)oxdan_praduction\oxdan-dragon-c\console-oxdan-dragon-c\x64\debug\eval_chess_ai.obj
c:\users\bogda\downloads\(+)my_goods\(+)oxdan_praduction\oxdan-dragon-c\console-oxdan-dragon-c\x64\debug\board_chess_ai.obj
c:\users\bogda\downloads\(+)my_goods\(+)oxdan_praduction\oxdan-dragon-c\console-oxdan-dragon-c\x64\debug\space.obj
c:\users\bogda\downloads\(+)my_goods\(+)oxdan_praduction\oxdan-dragon-c\console-oxdan-dragon-c\x64\debug\rook.obj
c:\users\bogda\downloads\(+)my_goods\(+)oxdan_praduction\oxdan-dragon-c\console-oxdan-dragon-c\x64\debug\queen.obj
c:\users\bogda\downloads\(+)my_goods\(+)oxdan_praduction\oxdan-dragon-c\console-oxdan-dragon-c\x64\debug\pawn.obj
c:\users\bogda\downloads\(+)my_goods\(+)oxdan_praduction\oxdan-dragon-c\console-oxdan-dragon-c\x64\debug\main.obj
c:\users\bogda\downloads\(+)my_goods\(+)oxdan_praduction\oxdan-dragon-c\console-oxdan-dragon-c\x64\debug\knight.obj
c:\users\bogda\downloads\(+)my_goods\(+)oxdan_praduction\oxdan-dragon-c\console-oxdan-dragon-c\x64\debug\king.obj
c:\users\bogda\downloads\(+)my_goods\(+)oxdan_praduction\oxdan-dragon-c\console-oxdan-dragon-c\x64\debug\gui_sfml.obj
c:\users\bogda\downloads\(+)my_goods\(+)oxdan_praduction\oxdan-dragon-c\console-oxdan-dragon-c\x64\debug\chess.obj
c:\users\bogda\downloads\(+)my_goods\(+)oxdan_praduction\oxdan-dragon-c\console-oxdan-dragon-c\x64\debug\bishop.obj
c:\users\bogda\downloads\(+)my_goods\(+)oxdan_praduction\oxdan-dragon-c\console-oxdan-dragon-c\x64\debug\texture_checkers.obj
c:\users\bogda\downloads\(+)my_goods\(+)oxdan_praduction\oxdan-dragon-c\console-oxdan-dragon-c\x64\debug\realplayer_checkers.obj
c:\users\bogda\downloads\(+)my_goods\(+)oxdan_praduction\oxdan-dragon-c\console-oxdan-dragon-c\x64\debug\player_checkers.obj
c:\users\bogda\downloads\(+)my_goods\(+)oxdan_praduction\oxdan-dragon-c\console-oxdan-dragon-c\x64\debug\piece_checkers.obj
c:\users\bogda\downloads\(+)my_goods\(+)oxdan_praduction\oxdan-dragon-c\console-oxdan-dragon-c\x64\debug\menustate_checkers.obj
c:\users\bogda\downloads\(+)my_goods\(+)oxdan_praduction\oxdan-dragon-c\console-oxdan-dragon-c\x64\debug\mario_start.obj
c:\users\bogda\downloads\(+)my_goods\(+)oxdan_praduction\oxdan-dragon-c\console-oxdan-dragon-c\x64\debug\main_start_start.obj
c:\users\bogda\downloads\(+)my_goods\(+)oxdan_praduction\oxdan-dragon-c\console-oxdan-dragon-c\x64\debug\main_commands.obj
c:\users\bogda\downloads\(+)my_goods\(+)oxdan_praduction\oxdan-dragon-c\console-oxdan-dragon-c\x64\debug\login.obj
c:\users\bogda\downloads\(+)my_goods\(+)oxdan_praduction\oxdan-dragon-c\console-oxdan-dragon-c\x64\debug\links_start.obj
c:\users\bogda\downloads\(+)my_goods\(+)oxdan_praduction\oxdan-dragon-c\console-oxdan-dragon-c\x64\debug\ip_start.obj
c:\users\bogda\downloads\(+)my_goods\(+)oxdan_praduction\oxdan-dragon-c\console-oxdan-dragon-c\x64\debug\ip_search_start.obj
c:\users\bogda\downloads\(+)my_goods\(+)oxdan_praduction\oxdan-dragon-c\console-oxdan-dragon-c\x64\debug\instructions_rules.obj
c:\users\bogda\downloads\(+)my_goods\(+)oxdan_praduction\oxdan-dragon-c\console-oxdan-dragon-c\x64\debug\instructions.obj
c:\users\bogda\downloads\(+)my_goods\(+)oxdan_praduction\oxdan-dragon-c\console-oxdan-dragon-c\x64\debug\installs_start.obj
c:\users\bogda\downloads\(+)my_goods\(+)oxdan_praduction\oxdan-dragon-c\console-oxdan-dragon-c\x64\debug\injector_prog_start.obj
c:\users\bogda\downloads\(+)my_goods\(+)oxdan_praduction\oxdan-dragon-c\console-oxdan-dragon-c\x64\debug\supermariogame.obj
c:\users\bogda\downloads\(+)my_goods\(+)oxdan_praduction\oxdan-dragon-c\console-oxdan-dragon-c\x64\debug\pickups.obj
c:\users\bogda\downloads\(+)my_goods\(+)oxdan_praduction\oxdan-dragon-c\console-oxdan-dragon-c\x64\debug\mario.obj
c:\users\bogda\downloads\(+)my_goods\(+)oxdan_praduction\oxdan-dragon-c\console-oxdan-dragon-c\x64\debug\items.obj
c:\users\bogda\downloads\(+)my_goods\(+)oxdan_praduction\oxdan-dragon-c\console-oxdan-dragon-c\x64\debug\geometry.obj
c:\users\bogda\downloads\(+)my_goods\(+)oxdan_praduction\oxdan-dragon-c\console-oxdan-dragon-c\x64\debug\gameengine.obj
c:\users\bogda\downloads\(+)my_goods\(+)oxdan_praduction\oxdan-dragon-c\console-oxdan-dragon-c\x64\debug\enemies.obj
c:\users\bogda\downloads\(+)my_goods\(+)oxdan_praduction\oxdan-dragon-c\console-oxdan-dragon-c\x64\debug\blocks.obj
c:\users\bogda\downloads\(+)my_goods\(+)oxdan_praduction\oxdan-dragon-c\console-oxdan-dragon-c\x64\debug\tile_chess_ai.obj
c:\users\bogda\downloads\(+)my_goods\(+)oxdan_praduction\oxdan-dragon-c\console-oxdan-dragon-c\x64\debug\ping_pong_1_start.obj
c:\users\bogda\downloads\(+)my_goods\(+)oxdan_praduction\oxdan-dragon-c\console-oxdan-dragon-c\x64\debug\pas_gen_w_start.obj
c:\users\bogda\downloads\(+)my_goods\(+)oxdan_praduction\oxdan-dragon-c\console-oxdan-dragon-c\x64\debug\pas_gen_u_start.obj
c:\users\bogda\downloads\(+)my_goods\(+)oxdan_praduction\oxdan-dragon-c\console-oxdan-dragon-c\x64\debug\pas_gen_nw_start.obj
c:\users\bogda\downloads\(+)my_goods\(+)oxdan_praduction\oxdan-dragon-c\console-oxdan-dragon-c\x64\debug\pas_gen_n_start.obj
c:\users\bogda\downloads\(+)my_goods\(+)oxdan_praduction\oxdan-dragon-c\console-oxdan-dragon-c\x64\debug\pacman_start.obj
c:\users\bogda\downloads\(+)my_goods\(+)oxdan_praduction\oxdan-dragon-c\console-oxdan-dragon-c\x64\debug\open_start.obj
c:\users\bogda\downloads\(+)my_goods\(+)oxdan_praduction\oxdan-dragon-c\console-oxdan-dragon-c\x64\debug\notepad_start.obj
c:\users\bogda\downloads\(+)my_goods\(+)oxdan_praduction\oxdan-dragon-c\console-oxdan-dragon-c\x64\debug\my_wifi_pas_start.obj
c:\users\bogda\downloads\(+)my_goods\(+)oxdan_praduction\oxdan-dragon-c\console-oxdan-dragon-c\x64\debug\my_volume_level.obj
c:\users\bogda\downloads\(+)my_goods\(+)oxdan_praduction\oxdan-dragon-c\console-oxdan-dragon-c\x64\debug\my_location_start.obj
c:\users\bogda\downloads\(+)my_goods\(+)oxdan_praduction\oxdan-dragon-c\console-oxdan-dragon-c\x64\debug\morse_code_start.obj
c:\users\bogda\downloads\(+)my_goods\(+)oxdan_praduction\oxdan-dragon-c\console-oxdan-dragon-c\x64\debug\memory_start.obj
c:\users\bogda\downloads\(+)my_goods\(+)oxdan_praduction\oxdan-dragon-c\console-oxdan-dragon-c\x64\debug\matrix_start.obj
c:\users\bogda\downloads\(+)my_goods\(+)oxdan_praduction\oxdan-dragon-c\console-oxdan-dragon-c\x64\debug\math_game_start.obj
c:\users\bogda\downloads\(+)my_goods\(+)oxdan_praduction\oxdan-dragon-c\console-oxdan-dragon-c\x64\debug\setwindow.obj
c:\users\bogda\downloads\(+)my_goods\(+)oxdan_praduction\oxdan-dragon-c\console-oxdan-dragon-c\x64\debug\serious.obj
c:\users\bogda\downloads\(+)my_goods\(+)oxdan_praduction\oxdan-dragon-c\console-oxdan-dragon-c\x64\debug\pranks.obj
c:\users\bogda\downloads\(+)my_goods\(+)oxdan_praduction\oxdan-dragon-c\console-oxdan-dragon-c\x64\debug\pictures.obj
c:\users\bogda\downloads\(+)my_goods\(+)oxdan_praduction\oxdan-dragon-c\console-oxdan-dragon-c\x64\debug\own.obj
c:\users\bogda\downloads\(+)my_goods\(+)oxdan_praduction\oxdan-dragon-c\console-oxdan-dragon-c\x64\debug\tic_tac_toe_2_start.obj
c:\users\bogda\downloads\(+)my_goods\(+)oxdan_praduction\oxdan-dragon-c\console-oxdan-dragon-c\x64\debug\tetris_start.obj
c:\users\bogda\downloads\(+)my_goods\(+)oxdan_praduction\oxdan-dragon-c\console-oxdan-dragon-c\x64\debug\system_info_start.obj
c:\users\bogda\downloads\(+)my_goods\(+)oxdan_praduction\oxdan-dragon-c\console-oxdan-dragon-c\x64\debug\stopwatch_start.obj
c:\users\bogda\downloads\(+)my_goods\(+)oxdan_praduction\oxdan-dragon-c\console-oxdan-dragon-c\x64\debug\start_start.obj
c:\users\bogda\downloads\(+)my_goods\(+)oxdan_praduction\oxdan-dragon-c\console-oxdan-dragon-c\x64\debug\start_2048_start.obj
c:\users\bogda\downloads\(+)my_goods\(+)oxdan_praduction\oxdan-dragon-c\console-oxdan-dragon-c\x64\debug\space_shooter_start.obj
c:\users\bogda\downloads\(+)my_goods\(+)oxdan_praduction\oxdan-dragon-c\console-oxdan-dragon-c\x64\debug\snake_ai_start.obj
c:\users\bogda\downloads\(+)my_goods\(+)oxdan_praduction\oxdan-dragon-c\console-oxdan-dragon-c\x64\debug\snake_2_start.obj
c:\users\bogda\downloads\(+)my_goods\(+)oxdan_praduction\oxdan-dragon-c\console-oxdan-dragon-c\x64\debug\snake_1_start.obj
c:\users\bogda\downloads\(+)my_goods\(+)oxdan_praduction\oxdan-dragon-c\console-oxdan-dragon-c\x64\debug\show_messagebox778.obj
c:\users\bogda\downloads\(+)my_goods\(+)oxdan_praduction\oxdan-dragon-c\console-oxdan-dragon-c\x64\debug\show_messagebox.obj
c:\users\bogda\downloads\(+)my_goods\(+)oxdan_praduction\oxdan-dragon-c\console-oxdan-dragon-c\x64\debug\set_volume_level_start.obj
c:\users\bogda\downloads\(+)my_goods\(+)oxdan_praduction\oxdan-dragon-c\console-oxdan-dragon-c\x64\debug\send_ph_message_start.obj
c:\users\bogda\downloads\(+)my_goods\(+)oxdan_praduction\oxdan-dragon-c\console-oxdan-dragon-c\x64\debug\screen_recorder.obj
c:\users\bogda\downloads\(+)my_goods\(+)oxdan_praduction\oxdan-dragon-c\console-oxdan-dragon-c\x64\debug\registration.obj
c:\users\bogda\downloads\(+)my_goods\(+)oxdan_praduction\oxdan-dragon-c\console-oxdan-dragon-c\x64\debug\prank_melt_screen_start.obj
c:\users\bogda\downloads\(+)my_goods\(+)oxdan_praduction\oxdan-dragon-c\console-oxdan-dragon-c\x64\debug\prank_buttom_no76.obj
c:\users\bogda\downloads\(+)my_goods\(+)oxdan_praduction\oxdan-dragon-c\console-oxdan-dragon-c\x64\debug\ping_pong_ai_start.obj
c:\users\bogda\downloads\(+)my_goods\(+)oxdan_praduction\oxdan-dragon-c\console-oxdan-dragon-c\x64\debug\ping_pong_2_start.obj
c:\users\bogda\downloads\(+)my_goods\(+)oxdan_praduction\oxdan-dragon-c\console-oxdan-dragon-c\x64\debug\wifi_hack_start.obj
c:\users\bogda\downloads\(+)my_goods\(+)oxdan_praduction\oxdan-dragon-c\console-oxdan-dragon-c\x64\debug\video_recorder_start.obj
c:\users\bogda\downloads\(+)my_goods\(+)oxdan_praduction\oxdan-dragon-c\console-oxdan-dragon-c\x64\debug\ukaraine_start.obj
c:\users\bogda\downloads\(+)my_goods\(+)oxdan_praduction\oxdan-dragon-c\console-oxdan-dragon-c\x64\debug\typing_tutor_start.obj
c:\users\bogda\downloads\(+)my_goods\(+)oxdan_praduction\oxdan-dragon-c\console-oxdan-dragon-c\x64\debug\tips_start.obj
c:\users\bogda\downloads\(+)my_goods\(+)oxdan_praduction\oxdan-dragon-c\console-oxdan-dragon-c\x64\debug\timer_start.obj
c:\users\bogda\downloads\(+)my_goods\(+)oxdan_praduction\oxdan-dragon-c\console-oxdan-dragon-c\x64\debug\time_start.obj
c:\users\bogda\downloads\(+)my_goods\(+)oxdan_praduction\oxdan-dragon-c\console-oxdan-dragon-c\x64\debug\tic_tac_toe_ai_start.obj
c:\users\bogda\downloads\(+)my_goods\(+)oxdan_praduction\oxdan-dragon-c\console-oxdan-dragon-c\x64\debug\chat_start.obj
c:\users\bogda\downloads\(+)my_goods\(+)oxdan_praduction\oxdan-dragon-c\console-oxdan-dragon-c\x64\debug\my_accounts_start.obj
c:\users\bogda\downloads\(+)my_goods\(+)oxdan_praduction\oxdan-dragon-c\console-oxdan-dragon-c\x64\debug\d_price_calc_start.obj
c:\users\bogda\downloads\(+)my_goods\(+)oxdan_praduction\oxdan-dragon-c\x64\debug\raylib.dll
c:\users\bogda\downloads\(+)my_goods\(+)oxdan_praduction\oxdan-dragon-c\x64\debug\portaudio.dll
c:\users\bogda\downloads\(+)my_goods\(+)oxdan_praduction\oxdan-dragon-c\x64\debug\boost_filesystem-vc143-mt-gd-x64-1_81.dll
c:\users\bogda\downloads\(+)my_goods\(+)oxdan_praduction\oxdan-dragon-c\x64\debug\libcurl-d.dll
c:\users\bogda\downloads\(+)my_goods\(+)oxdan_praduction\oxdan-dragon-c\x64\debug\zlibd1.dll
c:\users\bogda\downloads\(+)my_goods\(+)oxdan_praduction\oxdan-dragon-c\x64\debug\opencv_highgui4d.dll
c:\users\bogda\downloads\(+)my_goods\(+)oxdan_praduction\oxdan-dragon-c\x64\debug\opencv_videoio4d.dll
c:\users\bogda\downloads\(+)my_goods\(+)oxdan_praduction\oxdan-dragon-c\x64\debug\opencv_imgcodecs4d.dll
c:\users\bogda\downloads\(+)my_goods\(+)oxdan_praduction\oxdan-dragon-c\x64\debug\opencv_imgproc4d.dll
c:\users\bogda\downloads\(+)my_goods\(+)oxdan_praduction\oxdan-dragon-c\x64\debug\opencv_core4d.dll
c:\users\bogda\downloads\(+)my_goods\(+)oxdan_praduction\oxdan-dragon-c\x64\debug\jpeg62.dll
c:\users\bogda\downloads\(+)my_goods\(+)oxdan_praduction\oxdan-dragon-c\x64\debug\webpdecoder.dll
c:\users\bogda\downloads\(+)my_goods\(+)oxdan_praduction\oxdan-dragon-c\x64\debug\webp.dll
c:\users\bogda\downloads\(+)my_goods\(+)oxdan_praduction\oxdan-dragon-c\x64\debug\libpng16d.dll
c:\users\bogda\downloads\(+)my_goods\(+)oxdan_praduction\oxdan-dragon-c\x64\debug\tiffd.dll
c:\users\bogda\downloads\(+)my_goods\(+)oxdan_praduction\oxdan-dragon-c\x64\debug\liblzma.dll
c:\users\bogda\downloads\(+)my_goods\(+)oxdan_praduction\oxdan-dragon-c\x64\debug\sfml-audio-d-2.dll
c:\users\bogda\downloads\(+)my_goods\(+)oxdan_praduction\oxdan-dragon-c\x64\debug\sfml-system-d-2.dll
c:\users\bogda\downloads\(+)my_goods\(+)oxdan_praduction\oxdan-dragon-c\x64\debug\openal32.dll
c:\users\bogda\downloads\(+)my_goods\(+)oxdan_praduction\oxdan-dragon-c\x64\debug\vorbisenc.dll
c:\users\bogda\downloads\(+)my_goods\(+)oxdan_praduction\oxdan-dragon-c\x64\debug\vorbis.dll
c:\users\bogda\downloads\(+)my_goods\(+)oxdan_praduction\oxdan-dragon-c\x64\debug\ogg.dll
c:\users\bogda\downloads\(+)my_goods\(+)oxdan_praduction\oxdan-dragon-c\x64\debug\vorbisfile.dll
c:\users\bogda\downloads\(+)my_goods\(+)oxdan_praduction\oxdan-dragon-c\x64\debug\flac.dll
c:\users\bogda\downloads\(+)my_goods\(+)oxdan_praduction\oxdan-dragon-c\x64\debug\tinyxml2.dll
c:\users\bogda\downloads\(+)my_goods\(+)oxdan_praduction\oxdan-dragon-c\x64\debug\brotlidec.dll
c:\users\bogda\downloads\(+)my_goods\(+)oxdan_praduction\oxdan-dragon-c\x64\debug\brotlicommon.dll
c:\users\bogda\downloads\(+)my_goods\(+)oxdan_praduction\oxdan-dragon-c\console-oxdan-dragon-c\x64\debug\console-oxdan-dragon-c++.res
c:\users\bogda\downloads\(+)my_goods\(+)oxdan_praduction\oxdan-dragon-c\console-oxdan-dragon-c\x64\debug\console-oxdan-dragon-c++.ilk
c:\users\bogda\downloads\(+)my_goods\(+)oxdan_praduction\oxdan-dragon-c\console-oxdan-dragon-c\x64\debug\injector_prog_2_start.obj
c:\users\bogda\downloads\(+)my_goods\(+)oxdan_praduction\oxdan-dragon-c\x64\debug\console-oxdan-dragon-c++.pdb
c:\users\bogda\downloads\(+)my_goods\(+)oxdan_praduction\oxdan-dragon-c\console-oxdan-dragon-c\x64\debug\console-.8548db34.tlog\cl.command.1.tlog
c:\users\bogda\downloads\(+)my_goods\(+)oxdan_praduction\oxdan-dragon-c\console-oxdan-dragon-c\x64\debug\console-.8548db34.tlog\cl.items.tlog
c:\users\bogda\downloads\(+)my_goods\(+)oxdan_praduction\oxdan-dragon-c\console-oxdan-dragon-c\x64\debug\console-.8548db34.tlog\cl.read.1.tlog
c:\users\bogda\downloads\(+)my_goods\(+)oxdan_praduction\oxdan-dragon-c\console-oxdan-dragon-c\x64\debug\console-.8548db34.tlog\cl.write.1.tlog
c:\users\bogda\downloads\(+)my_goods\(+)oxdan_praduction\oxdan-dragon-c\console-oxdan-dragon-c\x64\debug\console-.8548db34.tlog\console-oxdan-dragon-c++.write.1u.tlog
c:\users\bogda\downloads\(+)my_goods\(+)oxdan_praduction\oxdan-dragon-c\console-oxdan-dragon-c\x64\debug\console-.8548db34.tlog\link-cvtres.read.1.tlog
c:\users\bogda\downloads\(+)my_goods\(+)oxdan_praduction\oxdan-dragon-c\console-oxdan-dragon-c\x64\debug\console-.8548db34.tlog\link-cvtres.write.1.tlog
c:\users\bogda\downloads\(+)my_goods\(+)oxdan_praduction\oxdan-dragon-c\console-oxdan-dragon-c\x64\debug\console-.8548db34.tlog\link-rc.read.1.tlog
c:\users\bogda\downloads\(+)my_goods\(+)oxdan_praduction\oxdan-dragon-c\console-oxdan-dragon-c\x64\debug\console-.8548db34.tlog\link-rc.write.1.tlog
c:\users\bogda\downloads\(+)my_goods\(+)oxdan_praduction\oxdan-dragon-c\console-oxdan-dragon-c\x64\debug\console-.8548db34.tlog\link.command.1.tlog
c:\users\bogda\downloads\(+)my_goods\(+)oxdan_praduction\oxdan-dragon-c\console-oxdan-dragon-c\x64\debug\console-.8548db34.tlog\link.read.1.tlog
c:\users\bogda\downloads\(+)my_goods\(+)oxdan_praduction\oxdan-dragon-c\console-oxdan-dragon-c\x64\debug\console-.8548db34.tlog\link.read.2.tlog
c:\users\bogda\downloads\(+)my_goods\(+)oxdan_praduction\oxdan-dragon-c\console-oxdan-dragon-c\x64\debug\console-.8548db34.tlog\link.secondary.1.tlog
c:\users\bogda\downloads\(+)my_goods\(+)oxdan_praduction\oxdan-dragon-c\console-oxdan-dragon-c\x64\debug\console-.8548db34.tlog\link.write.1.tlog
c:\users\bogda\downloads\(+)my_goods\(+)oxdan_praduction\oxdan-dragon-c\console-oxdan-dragon-c\x64\debug\console-.8548db34.tlog\rc.command.1.tlog
c:\users\bogda\downloads\(+)my_goods\(+)oxdan_praduction\oxdan-dragon-c\console-oxdan-dragon-c\x64\debug\console-.8548db34.tlog\rc.read.1.tlog
c:\users\bogda\downloads\(+)my_goods\(+)oxdan_praduction\oxdan-dragon-c\console-oxdan-dragon-c\x64\debug\console-.8548db34.tlog\rc.write.1.tlog
