
C:\Users\bogda\Downloads\(+)my_goods\(+)Oxdan_Praduction\Oxdan-Dragon-C\x64\Debug\jpeg62.dll
C:\Users\bogda\Downloads\(+)my_goods\(+)Oxdan_Praduction\Oxdan-Dragon-C\x64\Debug\webpdecoder.dll
C:\Users\bogda\Downloads\(+)my_goods\(+)Oxdan_Praduction\Oxdan-Dragon-C\x64\Debug\webp.dll
C:\Users\bogda\Downloads\(+)my_goods\(+)Oxdan_Praduction\Oxdan-Dragon-C\x64\Debug\liblzma.dll
C:\Users\bogda\Downloads\(+)my_goods\(+)Oxdan_Praduction\Oxdan-Dragon-C\x64\Debug\raylib.dll
C:\Users\bogda\Downloads\(+)my_goods\(+)Oxdan_Praduction\Oxdan-Dragon-C\x64\Debug\portaudio.dll
C:\Users\bogda\Downloads\(+)my_goods\(+)Oxdan_Praduction\Oxdan-Dragon-C\x64\Debug\libcurl-d.dll
C:\Users\bogda\Downloads\(+)my_goods\(+)Oxdan_Praduction\Oxdan-Dragon-C\x64\Debug\zlibd1.dll
C:\Users\bogda\Downloads\(+)my_goods\(+)Oxdan_Praduction\Oxdan-Dragon-C\x64\Debug\opencv_highgui4d.dll
C:\Users\bogda\Downloads\(+)my_goods\(+)Oxdan_Praduction\Oxdan-Dragon-C\x64\Debug\opencv_videoio4d.dll
C:\Users\bogda\Downloads\(+)my_goods\(+)Oxdan_Praduction\Oxdan-Dragon-C\x64\Debug\opencv_imgcodecs4d.dll
C:\Users\bogda\Downloads\(+)my_goods\(+)Oxdan_Praduction\Oxdan-Dragon-C\x64\Debug\opencv_imgproc4d.dll
C:\Users\bogda\Downloads\(+)my_goods\(+)Oxdan_Praduction\Oxdan-Dragon-C\x64\Debug\opencv_core4d.dll
C:\Users\bogda\Downloads\(+)my_goods\(+)Oxdan_Praduction\Oxdan-Dragon-C\x64\Debug\libpng16d.dll
C:\Users\bogda\Downloads\(+)my_goods\(+)Oxdan_Praduction\Oxdan-Dragon-C\x64\Debug\tiffd.dll
C:\Users\bogda\Downloads\(+)my_goods\(+)Oxdan_Praduction\Oxdan-Dragon-C\x64\Debug\sfml-audio-d-2.dll
C:\Users\bogda\Downloads\(+)my_goods\(+)Oxdan_Praduction\Oxdan-Dragon-C\x64\Debug\sfml-system-d-2.dll
C:\Users\bogda\Downloads\(+)my_goods\(+)Oxdan_Praduction\Oxdan-Dragon-C\x64\Debug\OpenAL32.dll
C:\Users\bogda\Downloads\(+)my_goods\(+)Oxdan_Praduction\Oxdan-Dragon-C\x64\Debug\vorbisenc.dll
C:\Users\bogda\Downloads\(+)my_goods\(+)Oxdan_Praduction\Oxdan-Dragon-C\x64\Debug\vorbis.dll
C:\Users\bogda\Downloads\(+)my_goods\(+)Oxdan_Praduction\Oxdan-Dragon-C\x64\Debug\ogg.dll
C:\Users\bogda\Downloads\(+)my_goods\(+)Oxdan_Praduction\Oxdan-Dragon-C\x64\Debug\vorbisfile.dll
C:\Users\bogda\Downloads\(+)my_goods\(+)Oxdan_Praduction\Oxdan-Dragon-C\x64\Debug\FLAC.dll
C:\Users\bogda\Downloads\(+)my_goods\(+)Oxdan_Praduction\Oxdan-Dragon-C\x64\Debug\tinyxml2.dll
